<?xml version="1.0" encoding="UTF-8"?>
<!-- Generated by org.testng.reporters.JUnitReportReporter -->
<testsuite hostname="TYSS-Shobha" failures="0" tests="1" name="demo.Test1" time="23.010" errors="0" timestamp="2024-09-18T19:17:16 IST" skipped="0">
  <testcase classname="demo.Test1" name="m1" time="23.010"/>
</testsuite> <!-- demo.Test1 -->
